Processing case 1/1: metak_fhelipe_fc_1024x4096

[PHASE] Source Compilation
Executing: stdbuf -o0 /usr/bin/time -f TIME_STATS::%e::%M:: python -u scripts/compile.py --program metak_fhelipe_fc_1024x4096
python /home/fhelipe/fhelipe/frontend/fheapps/base/fc.py +n 1024 +m 4096 --root /root/fhelipe_experiments/metak_fhelipe_fc tdf
/home/fhelipe/fhelipe/backend/release/compile --sched_dfg --exe_folder /root/fhelipe_experiments/metak_fhelipe_fc/1024_4096/shared --bootstrapping_precision 19 --log_scale 45 --usable_levels 10
TIME_STATS::2.93::312392::

TIMING: 2.93s | MEMORY: 305 MB

[PHASE] Shared Memory Initialization
Executing: stdbuf -o0 /usr/bin/time -f TIME_STATS::%e::%M:: python -u scripts/in_shared.py --program metak_fhelipe_fc_1024x4096
python /home/fhelipe/fhelipe/frontend/fheapps/base/fc.py +n 1024 +m 4096 --root /root/fhelipe_experiments/metak_fhelipe_fc init-shared
python /home/fhelipe/fhelipe/frontend/fheapps/base/fc.py +n 1024 +m 4096 --root /root/fhelipe_experiments/metak_fhelipe_fc in-shared
TIME_STATS::2.14::306032::

TIMING: 2.14s | MEMORY: 298 MB

[PHASE] Execution with Lattigo
Executing: stdbuf -o0 /usr/bin/time -f TIME_STATS::%e::%M:: python -u scripts/run.py --program metak_fhelipe_fc_1024x4096 --lattigo
python /home/fhelipe/fhelipe/frontend/fheapps/base/fc.py +n 1024 +m 4096 --root /root/fhelipe_experiments/metak_fhelipe_fc init-shared
python /home/fhelipe/fhelipe/frontend/fheapps/base/fc.py +n 1024 +m 4096 --root /root/fhelipe_experiments/metak_fhelipe_fc in-ds --ds 0
python /home/fhelipe/fhelipe/frontend/fheapps/base/fc.py +n 1024 +m 4096 --root /root/fhelipe_experiments/metak_fhelipe_fc backend-in --ds 0
python /home/fhelipe/fhelipe/frontend/fheapps/base/fc.py +n 1024 +m 4096 --root /root/fhelipe_experiments/metak_fhelipe_fc out-tfhe --ds 0
/home/fhelipe/fhelipe/backend/release/encrypt --ct_type lattigo --exe_folder /root/fhelipe_experiments/metak_fhelipe_fc/1024_4096/ds/0 --bootstrapping_precision 19 --log_scale 45 --usable_levels 10
/home/fhelipe/fhelipe/backend/release/run --ct_type lattigo --exe_folder /root/fhelipe_experiments/metak_fhelipe_fc/1024_4096/ds/0
Runtime 414.5941905975342
/home/fhelipe/fhelipe/backend/release/decrypt --ct_type lattigo --exe_folder /root/fhelipe_experiments/metak_fhelipe_fc/1024_4096/ds/0
/home/fhelipe/fhelipe/backend/release/cross_check --exe_folder /root/fhelipe_experiments/metak_fhelipe_fc/1024_4096/ds/0 --no_complain
TIME_STATS::427.73::13474440::

TIMING: 427.73s | MEMORY: 13158 MB

Renamed timing file to metak_fhelipe_fc_1024x4096_ops_timing.txt
